<?xml version="1.0" encoding="UTF-8"?>
<testsuite name="CoffeeMachineTest" tests="1" skipped="0" failures="0" errors="0" timestamp="2020-11-30T15:40:11" hostname="georges-imac" time="0.305">
  <properties/>
  <testcase name="start" classname="CoffeeMachineTest" time="0.305"/>
  <system-out><![CDATA[?[1;31m
Start test 1?[0m
Write action (buy, fill, take, remaining, exit):
>> remaining
The coffee machine has:
400 of water
540 of milk
120 of coffee beans
9 of disposable cups
$550 of money
Write action (buy, fill, take, remaining, exit):
>> buy
What do you want to buy? 1 - espresso, 2 - latte, 3 - cappuccino, back - to main menu:
>> 2
There is enough water
There is enough milk
There is enough coffee_beans
There is enough cups
There is enough money
I have enough resources, making you a coffee!
{WATER=50, MILK=465, COFFEE_BEANS=100, CUPS=8, MONEY=543}
{WATER=50, MILK=465, COFFEE_BEANS=100, CUPS=8, MONEY=543}
{WATER=50, MILK=465, COFFEE_BEANS=100, CUPS=8, MONEY=543}
{WATER=50, MILK=465, COFFEE_BEANS=100, CUPS=8, MONEY=543}
{WATER=50, MILK=465, COFFEE_BEANS=100, CUPS=8, MONEY=543}
Write action (buy, fill, take, remaining, exit):
>> buy
What do you want to buy? 1 - espresso, 2 - latte, 3 - cappuccino, back - to main menu:
>> 2
There is NOT enough water
There is enough milk
There is enough coffee_beans
There is enough cups
There is enough money
Sorry, not enough water!
Write action (buy, fill, take, remaining, exit):
>> fill
Fill!
Write how many ml of water do you want to add:
>> 1000
Write how many ml of milk do you want to add:
>> 0
Write how many grams of coffee do you want to add:
>> 0
Write how many disposable cups of coffee do you want to add:
>> 0
Write action (buy, fill, take, remaining, exit):
>> buy
What do you want to buy? 1 - espresso, 2 - latte, 3 - cappuccino, back - to main menu:
>> 2
There is enough water
There is enough milk
There is enough coffee_beans
There is enough cups
There is enough money
I have enough resources, making you a coffee!
{WATER=700, MILK=390, COFFEE_BEANS=80, CUPS=7, MONEY=550}
{WATER=700, MILK=390, COFFEE_BEANS=80, CUPS=7, MONEY=550}
{WATER=700, MILK=390, COFFEE_BEANS=80, CUPS=7, MONEY=550}
{WATER=700, MILK=390, COFFEE_BEANS=80, CUPS=7, MONEY=550}
{WATER=700, MILK=390, COFFEE_BEANS=80, CUPS=7, MONEY=550}
Write action (buy, fill, take, remaining, exit):
>> take
Take!
I gave you $564
Write action (buy, fill, take, remaining, exit):
>> remaining
The coffee machine has:
700 of water
390 of milk
80 of coffee beans
7 of disposable cups
$0 of money
Write action (buy, fill, take, remaining, exit):
>> exit
?[1;31m
Start test 2?[0m
Write action (buy, fill, take, remaining, exit):
>> remaining
The coffee machine has:
400 of water
540 of milk
120 of coffee beans
9 of disposable cups
$550 of money
Write action (buy, fill, take, remaining, exit):
>> fill
Fill!
Write how many ml of water do you want to add:
>> 3000
Write how many ml of milk do you want to add:
>> 3000
Write how many grams of coffee do you want to add:
>> 3000
Write how many disposable cups of coffee do you want to add:
>> 3000
Write action (buy, fill, take, remaining, exit):
>> remaining
The coffee machine has:
3400 of water
3540 of milk
3120 of coffee beans
3009 of disposable cups
$550 of money
Write action (buy, fill, take, remaining, exit):
>> exit
?[1;31m
Start test 3?[0m
Write action (buy, fill, take, remaining, exit):
>> remaining
The coffee machine has:
400 of water
540 of milk
120 of coffee beans
9 of disposable cups
$550 of money
Write action (buy, fill, take, remaining, exit):
>> buy
What do you want to buy? 1 - espresso, 2 - latte, 3 - cappuccino, back - to main menu:
>> 1
There is enough water
There is enough milk
There is enough coffee_beans
There is enough cups
There is enough money
I have enough resources, making you a coffee!
{WATER=150, MILK=540, COFFEE_BEANS=104, CUPS=8, MONEY=546}
{WATER=150, MILK=540, COFFEE_BEANS=104, CUPS=8, MONEY=546}
{WATER=150, MILK=540, COFFEE_BEANS=104, CUPS=8, MONEY=546}
{WATER=150, MILK=540, COFFEE_BEANS=104, CUPS=8, MONEY=546}
{WATER=150, MILK=540, COFFEE_BEANS=104, CUPS=8, MONEY=546}
Write action (buy, fill, take, remaining, exit):
>> remaining
The coffee machine has:
150 of water
540 of milk
104 of coffee beans
8 of disposable cups
$554 of money
Write action (buy, fill, take, remaining, exit):
>> exit
?[1;31m
Start test 4?[0m
Write action (buy, fill, take, remaining, exit):
>> remaining
The coffee machine has:
400 of water
540 of milk
120 of coffee beans
9 of disposable cups
$550 of money
Write action (buy, fill, take, remaining, exit):
>> buy
What do you want to buy? 1 - espresso, 2 - latte, 3 - cappuccino, back - to main menu:
>> 2
There is enough water
There is enough milk
There is enough coffee_beans
There is enough cups
There is enough money
I have enough resources, making you a coffee!
{WATER=50, MILK=465, COFFEE_BEANS=100, CUPS=8, MONEY=543}
{WATER=50, MILK=465, COFFEE_BEANS=100, CUPS=8, MONEY=543}
{WATER=50, MILK=465, COFFEE_BEANS=100, CUPS=8, MONEY=543}
{WATER=50, MILK=465, COFFEE_BEANS=100, CUPS=8, MONEY=543}
{WATER=50, MILK=465, COFFEE_BEANS=100, CUPS=8, MONEY=543}
Write action (buy, fill, take, remaining, exit):
>> remaining
The coffee machine has:
50 of water
465 of milk
100 of coffee beans
8 of disposable cups
$557 of money
Write action (buy, fill, take, remaining, exit):
>> exit
?[1;31m
Start test 5?[0m
Write action (buy, fill, take, remaining, exit):
>> remaining
The coffee machine has:
400 of water
540 of milk
120 of coffee beans
9 of disposable cups
$550 of money
Write action (buy, fill, take, remaining, exit):
>> buy
What do you want to buy? 1 - espresso, 2 - latte, 3 - cappuccino, back - to main menu:
>> 3
There is enough water
There is enough milk
There is enough coffee_beans
There is enough cups
There is enough money
I have enough resources, making you a coffee!
{WATER=200, MILK=440, COFFEE_BEANS=108, CUPS=8, MONEY=544}
{WATER=200, MILK=440, COFFEE_BEANS=108, CUPS=8, MONEY=544}
{WATER=200, MILK=440, COFFEE_BEANS=108, CUPS=8, MONEY=544}
{WATER=200, MILK=440, COFFEE_BEANS=108, CUPS=8, MONEY=544}
{WATER=200, MILK=440, COFFEE_BEANS=108, CUPS=8, MONEY=544}
Write action (buy, fill, take, remaining, exit):
>> remaining
The coffee machine has:
200 of water
440 of milk
108 of coffee beans
8 of disposable cups
$556 of money
Write action (buy, fill, take, remaining, exit):
>> exit
?[1;31m
Start test 6?[0m
Write action (buy, fill, take, remaining, exit):
>> remaining
The coffee machine has:
400 of water
540 of milk
120 of coffee beans
9 of disposable cups
$550 of money
Write action (buy, fill, take, remaining, exit):
>> take
Take!
I gave you $550
Write action (buy, fill, take, remaining, exit):
>> remaining
The coffee machine has:
400 of water
540 of milk
120 of coffee beans
9 of disposable cups
$0 of money
Write action (buy, fill, take, remaining, exit):
>> exit
?[1;31m
Start test 7?[0m
Write action (buy, fill, take, remaining, exit):
>> remaining
The coffee machine has:
400 of water
540 of milk
120 of coffee beans
9 of disposable cups
$550 of money
Write action (buy, fill, take, remaining, exit):
>> buy
What do you want to buy? 1 - espresso, 2 - latte, 3 - cappuccino, back - to main menu:
>> back
Write action (buy, fill, take, remaining, exit):
>> remaining
The coffee machine has:
400 of water
540 of milk
120 of coffee beans
9 of disposable cups
$550 of money
Write action (buy, fill, take, remaining, exit):
>> exit
]]></system-out>
  <system-err><![CDATA[]]></system-err>
</testsuite>
